[2026-07-09 09:43:23] production.ERROR: Please provide a valid cache path. {"exception":"[object] (InvalidArgumentException(code: 0): Please provide a valid cache path. at /Users/awadabayzeed/Downloads/abad/vendor/laravel/framework/src/Illuminate/View/Compilers/Compiler.php:66)
[stacktrace]
#0 /Users/awadabayzeed/Downloads/abad/vendor/laravel/framework/src/Illuminate/View/ViewServiceProvider.php(96): Illuminate\\View\\Compilers\\Compiler->__construct(Object(Illuminate\\Filesystem\\Filesystem), false, '', true, 'php')
#1 /Users/awadabayzeed/Downloads/abad/vendor/laravel/framework/src/Illuminate/Container/Container.php(885): Illuminate\\View\\ViewServiceProvider->{closure:Illuminate\\View\\ViewServiceProvider::registerBladeCompiler():95}(Object(Illuminate\\Foundation\\Application), Array)
#2 /Users/awadabayzeed/Downloads/abad/vendor/laravel/framework/src/Illuminate/Container/Container.php(770): Illuminate\\Container\\Container->build(Object(Closure))
#3 /Users/awadabayzeed/Downloads/abad/vendor/laravel/framework/src/Illuminate/Foundation/Application.php(881): Illuminate\\Container\\Container->resolve('blade.compiler', Array, true)
#4 /Users/awadabayzeed/Downloads/abad/vendor/laravel/framework/src/Illuminate/Container/Container.php(706): Illuminate\\Foundation\\Application->resolve('blade.compiler', Array)
#5 /Users/awadabayzeed/Downloads/abad/vendor/laravel/framework/src/Illuminate/Foundation/Application.php(866): Illuminate\\Container\\Container->make('blade.compiler', Array)
#6 /Users/awadabayzeed/Downloads/abad/vendor/laravel/framework/src/Illuminate/Container/Container.php(1431): Illuminate\\Foundation\\Application->make('blade.compiler')
#7 /Users/awadabayzeed/Downloads/abad/vendor/laravel/framework/src/Illuminate/Support/Facades/Facade.php(222): Illuminate\\Container\\Container->offsetGet('blade.compiler')
#8 /Users/awadabayzeed/Downloads/abad/vendor/laravel/framework/src/Illuminate/Support/Facades/Facade.php(193): Illuminate\\Support\\Facades\\Facade::resolveFacadeInstance('blade.compiler')
#9 /Users/awadabayzeed/Downloads/abad/vendor/laravel/framework/src/Illuminate/Support/Facades/Facade.php(332): Illuminate\\Support\\Facades\\Facade::getFacadeRoot()
#10 /Users/awadabayzeed/Downloads/abad/vendor/php-flasher/flasher-laravel/FlasherServiceProvider.php(284): Illuminate\\Support\\Facades\\Facade::__callStatic('extend', Array)
#11 /Users/awadabayzeed/Downloads/abad/vendor/php-flasher/flasher-laravel/FlasherServiceProvider.php(59): Flasher\\Laravel\\FlasherServiceProvider->registerBladeDirective()
#12 /Users/awadabayzeed/Downloads/abad/vendor/php-flasher/flasher-laravel/Support/ServiceProvider.php(42): Flasher\\Laravel\\FlasherServiceProvider->afterBoot()
#13 /Users/awadabayzeed/Downloads/abad/vendor/laravel/framework/src/Illuminate/Container/BoundMethod.php(36): Flasher\\Laravel\\Support\\ServiceProvider->boot()
#14 /Users/awadabayzeed/Downloads/abad/vendor/laravel/framework/src/Illuminate/Container/Util.php(41): Illuminate\\Container\\BoundMethod::{closure:Illuminate\\Container\\BoundMethod::call():35}()
#15 /Users/awadabayzeed/Downloads/abad/vendor/laravel/framework/src/Illuminate/Container/BoundMethod.php(93): Illuminate\\Container\\Util::unwrapIfClosure(Object(Closure))
#16 /Users/awadabayzeed/Downloads/abad/vendor/laravel/framework/src/Illuminate/Container/BoundMethod.php(35): Illuminate\\Container\\BoundMethod::callBoundMethod(Object(Illuminate\\Foundation\\Application), Array, Object(Closure))
#17 /Users/awadabayzeed/Downloads/abad/vendor/laravel/framework/src/Illuminate/Container/Container.php(661): Illuminate\\Container\\BoundMethod::call(Object(Illuminate\\Foundation\\Application), Array, Array, NULL)
#18 /Users/awadabayzeed/Downloads/abad/vendor/laravel/framework/src/Illuminate/Foundation/Application.php(954): Illuminate\\Container\\Container->call(Array)
#19 /Users/awadabayzeed/Downloads/abad/vendor/laravel/framework/src/Illuminate/Foundation/Application.php(935): Illuminate\\Foundation\\Application->bootProvider(Object(Flasher\\Laravel\\FlasherServiceProvider))
#20 [internal function]: Illuminate\\Foundation\\Application->{closure:Illuminate\\Foundation\\Application::boot():934}(Object(Flasher\\Laravel\\FlasherServiceProvider), 24)
#21 /Users/awadabayzeed/Downloads/abad/vendor/laravel/framework/src/Illuminate/Foundation/Application.php(934): array_walk(Array, Object(Closure))
#22 /Users/awadabayzeed/Downloads/abad/vendor/laravel/framework/src/Illuminate/Foundation/Bootstrap/BootProviders.php(17): Illuminate\\Foundation\\Application->boot()
#23 /Users/awadabayzeed/Downloads/abad/vendor/laravel/framework/src/Illuminate/Foundation/Application.php(265): Illuminate\\Foundation\\Bootstrap\\BootProviders->bootstrap(Object(Illuminate\\Foundation\\Application))
#24 /Users/awadabayzeed/Downloads/abad/vendor/laravel/framework/src/Illuminate/Foundation/Console/Kernel.php(383): Illuminate\\Foundation\\Application->bootstrapWith(Array)
#25 /Users/awadabayzeed/Downloads/abad/vendor/laravel/framework/src/Illuminate/Foundation/Console/Kernel.php(153): Illuminate\\Foundation\\Console\\Kernel->bootstrap()
#26 /Users/awadabayzeed/Downloads/abad/artisan(35): Illuminate\\Foundation\\Console\\Kernel->handle(Object(Symfony\\Component\\Console\\Input\\ArgvInput), Object(Symfony\\Component\\Console\\Output\\ConsoleOutput))
#27 {main}
"} 
[2026-07-09 09:43:54] production.ERROR: Please provide a valid cache path. {"exception":"[object] (InvalidArgumentException(code: 0): Please provide a valid cache path. at /Users/awadabayzeed/Downloads/abad/vendor/laravel/framework/src/Illuminate/View/Compilers/Compiler.php:66)
[stacktrace]
#0 /Users/awadabayzeed/Downloads/abad/vendor/laravel/framework/src/Illuminate/View/ViewServiceProvider.php(96): Illuminate\\View\\Compilers\\Compiler->__construct(Object(Illuminate\\Filesystem\\Filesystem), false, '', true, 'php')
#1 /Users/awadabayzeed/Downloads/abad/vendor/laravel/framework/src/Illuminate/Container/Container.php(885): Illuminate\\View\\ViewServiceProvider->{closure:Illuminate\\View\\ViewServiceProvider::registerBladeCompiler():95}(Object(Illuminate\\Foundation\\Application), Array)
#2 /Users/awadabayzeed/Downloads/abad/vendor/laravel/framework/src/Illuminate/Container/Container.php(770): Illuminate\\Container\\Container->build(Object(Closure))
#3 /Users/awadabayzeed/Downloads/abad/vendor/laravel/framework/src/Illuminate/Foundation/Application.php(881): Illuminate\\Container\\Container->resolve('blade.compiler', Array, true)
#4 /Users/awadabayzeed/Downloads/abad/vendor/laravel/framework/src/Illuminate/Container/Container.php(706): Illuminate\\Foundation\\Application->resolve('blade.compiler', Array)
#5 /Users/awadabayzeed/Downloads/abad/vendor/laravel/framework/src/Illuminate/Foundation/Application.php(866): Illuminate\\Container\\Container->make('blade.compiler', Array)
#6 /Users/awadabayzeed/Downloads/abad/vendor/laravel/framework/src/Illuminate/Container/Container.php(1431): Illuminate\\Foundation\\Application->make('blade.compiler')
#7 /Users/awadabayzeed/Downloads/abad/vendor/laravel/framework/src/Illuminate/Support/Facades/Facade.php(222): Illuminate\\Container\\Container->offsetGet('blade.compiler')
#8 /Users/awadabayzeed/Downloads/abad/vendor/laravel/framework/src/Illuminate/Support/Facades/Facade.php(193): Illuminate\\Support\\Facades\\Facade::resolveFacadeInstance('blade.compiler')
#9 /Users/awadabayzeed/Downloads/abad/vendor/laravel/framework/src/Illuminate/Support/Facades/Facade.php(332): Illuminate\\Support\\Facades\\Facade::getFacadeRoot()
#10 /Users/awadabayzeed/Downloads/abad/vendor/php-flasher/flasher-laravel/FlasherServiceProvider.php(284): Illuminate\\Support\\Facades\\Facade::__callStatic('extend', Array)
#11 /Users/awadabayzeed/Downloads/abad/vendor/php-flasher/flasher-laravel/FlasherServiceProvider.php(59): Flasher\\Laravel\\FlasherServiceProvider->registerBladeDirective()
#12 /Users/awadabayzeed/Downloads/abad/vendor/php-flasher/flasher-laravel/Support/ServiceProvider.php(42): Flasher\\Laravel\\FlasherServiceProvider->afterBoot()
#13 /Users/awadabayzeed/Downloads/abad/vendor/laravel/framework/src/Illuminate/Container/BoundMethod.php(36): Flasher\\Laravel\\Support\\ServiceProvider->boot()
#14 /Users/awadabayzeed/Downloads/abad/vendor/laravel/framework/src/Illuminate/Container/Util.php(41): Illuminate\\Container\\BoundMethod::{closure:Illuminate\\Container\\BoundMethod::call():35}()
#15 /Users/awadabayzeed/Downloads/abad/vendor/laravel/framework/src/Illuminate/Container/BoundMethod.php(93): Illuminate\\Container\\Util::unwrapIfClosure(Object(Closure))
#16 /Users/awadabayzeed/Downloads/abad/vendor/laravel/framework/src/Illuminate/Container/BoundMethod.php(35): Illuminate\\Container\\BoundMethod::callBoundMethod(Object(Illuminate\\Foundation\\Application), Array, Object(Closure))
#17 /Users/awadabayzeed/Downloads/abad/vendor/laravel/framework/src/Illuminate/Container/Container.php(661): Illuminate\\Container\\BoundMethod::call(Object(Illuminate\\Foundation\\Application), Array, Array, NULL)
#18 /Users/awadabayzeed/Downloads/abad/vendor/laravel/framework/src/Illuminate/Foundation/Application.php(954): Illuminate\\Container\\Container->call(Array)
#19 /Users/awadabayzeed/Downloads/abad/vendor/laravel/framework/src/Illuminate/Foundation/Application.php(935): Illuminate\\Foundation\\Application->bootProvider(Object(Flasher\\Laravel\\FlasherServiceProvider))
#20 [internal function]: Illuminate\\Foundation\\Application->{closure:Illuminate\\Foundation\\Application::boot():934}(Object(Flasher\\Laravel\\FlasherServiceProvider), 24)
#21 /Users/awadabayzeed/Downloads/abad/vendor/laravel/framework/src/Illuminate/Foundation/Application.php(934): array_walk(Array, Object(Closure))
#22 /Users/awadabayzeed/Downloads/abad/vendor/laravel/framework/src/Illuminate/Foundation/Bootstrap/BootProviders.php(17): Illuminate\\Foundation\\Application->boot()
#23 /Users/awadabayzeed/Downloads/abad/vendor/laravel/framework/src/Illuminate/Foundation/Application.php(265): Illuminate\\Foundation\\Bootstrap\\BootProviders->bootstrap(Object(Illuminate\\Foundation\\Application))
#24 /Users/awadabayzeed/Downloads/abad/vendor/laravel/framework/src/Illuminate/Foundation/Console/Kernel.php(383): Illuminate\\Foundation\\Application->bootstrapWith(Array)
#25 /Users/awadabayzeed/Downloads/abad/vendor/laravel/framework/src/Illuminate/Foundation/Console/Kernel.php(153): Illuminate\\Foundation\\Console\\Kernel->bootstrap()
#26 /Users/awadabayzeed/Downloads/abad/artisan(35): Illuminate\\Foundation\\Console\\Kernel->handle(Object(Symfony\\Component\\Console\\Input\\ArgvInput), Object(Symfony\\Component\\Console\\Output\\ConsoleOutput))
#27 {main}
"} 
[2026-07-09 09:44:51] production.ERROR: Please provide a valid cache path. {"exception":"[object] (InvalidArgumentException(code: 0): Please provide a valid cache path. at /Users/awadabayzeed/Downloads/abad/vendor/laravel/framework/src/Illuminate/View/Compilers/Compiler.php:66)
[stacktrace]
#0 /Users/awadabayzeed/Downloads/abad/vendor/laravel/framework/src/Illuminate/View/ViewServiceProvider.php(96): Illuminate\\View\\Compilers\\Compiler->__construct(Object(Illuminate\\Filesystem\\Filesystem), false, '', true, 'php')
#1 /Users/awadabayzeed/Downloads/abad/vendor/laravel/framework/src/Illuminate/Container/Container.php(885): Illuminate\\View\\ViewServiceProvider->{closure:Illuminate\\View\\ViewServiceProvider::registerBladeCompiler():95}(Object(Illuminate\\Foundation\\Application), Array)
#2 /Users/awadabayzeed/Downloads/abad/vendor/laravel/framework/src/Illuminate/Container/Container.php(770): Illuminate\\Container\\Container->build(Object(Closure))
#3 /Users/awadabayzeed/Downloads/abad/vendor/laravel/framework/src/Illuminate/Foundation/Application.php(881): Illuminate\\Container\\Container->resolve('blade.compiler', Array, true)
#4 /Users/awadabayzeed/Downloads/abad/vendor/laravel/framework/src/Illuminate/Container/Container.php(706): Illuminate\\Foundation\\Application->resolve('blade.compiler', Array)
#5 /Users/awadabayzeed/Downloads/abad/vendor/laravel/framework/src/Illuminate/Foundation/Application.php(866): Illuminate\\Container\\Container->make('blade.compiler', Array)
#6 /Users/awadabayzeed/Downloads/abad/vendor/laravel/framework/src/Illuminate/Container/Container.php(1431): Illuminate\\Foundation\\Application->make('blade.compiler')
#7 /Users/awadabayzeed/Downloads/abad/vendor/laravel/framework/src/Illuminate/Support/Facades/Facade.php(222): Illuminate\\Container\\Container->offsetGet('blade.compiler')
#8 /Users/awadabayzeed/Downloads/abad/vendor/laravel/framework/src/Illuminate/Support/Facades/Facade.php(193): Illuminate\\Support\\Facades\\Facade::resolveFacadeInstance('blade.compiler')
#9 /Users/awadabayzeed/Downloads/abad/vendor/laravel/framework/src/Illuminate/Support/Facades/Facade.php(332): Illuminate\\Support\\Facades\\Facade::getFacadeRoot()
#10 /Users/awadabayzeed/Downloads/abad/vendor/php-flasher/flasher-laravel/FlasherServiceProvider.php(284): Illuminate\\Support\\Facades\\Facade::__callStatic('extend', Array)
#11 /Users/awadabayzeed/Downloads/abad/vendor/php-flasher/flasher-laravel/FlasherServiceProvider.php(59): Flasher\\Laravel\\FlasherServiceProvider->registerBladeDirective()
#12 /Users/awadabayzeed/Downloads/abad/vendor/php-flasher/flasher-laravel/Support/ServiceProvider.php(42): Flasher\\Laravel\\FlasherServiceProvider->afterBoot()
#13 /Users/awadabayzeed/Downloads/abad/vendor/laravel/framework/src/Illuminate/Container/BoundMethod.php(36): Flasher\\Laravel\\Support\\ServiceProvider->boot()
#14 /Users/awadabayzeed/Downloads/abad/vendor/laravel/framework/src/Illuminate/Container/Util.php(41): Illuminate\\Container\\BoundMethod::{closure:Illuminate\\Container\\BoundMethod::call():35}()
#15 /Users/awadabayzeed/Downloads/abad/vendor/laravel/framework/src/Illuminate/Container/BoundMethod.php(93): Illuminate\\Container\\Util::unwrapIfClosure(Object(Closure))
#16 /Users/awadabayzeed/Downloads/abad/vendor/laravel/framework/src/Illuminate/Container/BoundMethod.php(35): Illuminate\\Container\\BoundMethod::callBoundMethod(Object(Illuminate\\Foundation\\Application), Array, Object(Closure))
#17 /Users/awadabayzeed/Downloads/abad/vendor/laravel/framework/src/Illuminate/Container/Container.php(661): Illuminate\\Container\\BoundMethod::call(Object(Illuminate\\Foundation\\Application), Array, Array, NULL)
#18 /Users/awadabayzeed/Downloads/abad/vendor/laravel/framework/src/Illuminate/Foundation/Application.php(954): Illuminate\\Container\\Container->call(Array)
#19 /Users/awadabayzeed/Downloads/abad/vendor/laravel/framework/src/Illuminate/Foundation/Application.php(935): Illuminate\\Foundation\\Application->bootProvider(Object(Flasher\\Laravel\\FlasherServiceProvider))
#20 [internal function]: Illuminate\\Foundation\\Application->{closure:Illuminate\\Foundation\\Application::boot():934}(Object(Flasher\\Laravel\\FlasherServiceProvider), 24)
#21 /Users/awadabayzeed/Downloads/abad/vendor/laravel/framework/src/Illuminate/Foundation/Application.php(934): array_walk(Array, Object(Closure))
#22 /Users/awadabayzeed/Downloads/abad/vendor/laravel/framework/src/Illuminate/Foundation/Bootstrap/BootProviders.php(17): Illuminate\\Foundation\\Application->boot()
#23 /Users/awadabayzeed/Downloads/abad/vendor/laravel/framework/src/Illuminate/Foundation/Application.php(265): Illuminate\\Foundation\\Bootstrap\\BootProviders->bootstrap(Object(Illuminate\\Foundation\\Application))
#24 /Users/awadabayzeed/Downloads/abad/vendor/laravel/framework/src/Illuminate/Foundation/Console/Kernel.php(383): Illuminate\\Foundation\\Application->bootstrapWith(Array)
#25 /Users/awadabayzeed/Downloads/abad/vendor/laravel/framework/src/Illuminate/Foundation/Console/Kernel.php(153): Illuminate\\Foundation\\Console\\Kernel->bootstrap()
#26 /Users/awadabayzeed/Downloads/abad/artisan(35): Illuminate\\Foundation\\Console\\Kernel->handle(Object(Symfony\\Component\\Console\\Input\\ArgvInput), Object(Symfony\\Component\\Console\\Output\\ConsoleOutput))
#27 {main}
"} 
[2026-07-09 09:45:24] production.ERROR: Please provide a valid cache path. {"exception":"[object] (InvalidArgumentException(code: 0): Please provide a valid cache path. at /Users/awadabayzeed/Downloads/abad/vendor/laravel/framework/src/Illuminate/View/Compilers/Compiler.php:66)
[stacktrace]
#0 /Users/awadabayzeed/Downloads/abad/vendor/laravel/framework/src/Illuminate/View/ViewServiceProvider.php(96): Illuminate\\View\\Compilers\\Compiler->__construct(Object(Illuminate\\Filesystem\\Filesystem), false, '', true, 'php')
#1 /Users/awadabayzeed/Downloads/abad/vendor/laravel/framework/src/Illuminate/Container/Container.php(885): Illuminate\\View\\ViewServiceProvider->{closure:Illuminate\\View\\ViewServiceProvider::registerBladeCompiler():95}(Object(Illuminate\\Foundation\\Application), Array)
#2 /Users/awadabayzeed/Downloads/abad/vendor/laravel/framework/src/Illuminate/Container/Container.php(770): Illuminate\\Container\\Container->build(Object(Closure))
#3 /Users/awadabayzeed/Downloads/abad/vendor/laravel/framework/src/Illuminate/Foundation/Application.php(881): Illuminate\\Container\\Container->resolve('blade.compiler', Array, true)
#4 /Users/awadabayzeed/Downloads/abad/vendor/laravel/framework/src/Illuminate/Container/Container.php(706): Illuminate\\Foundation\\Application->resolve('blade.compiler', Array)
#5 /Users/awadabayzeed/Downloads/abad/vendor/laravel/framework/src/Illuminate/Foundation/Application.php(866): Illuminate\\Container\\Container->make('blade.compiler', Array)
#6 /Users/awadabayzeed/Downloads/abad/vendor/laravel/framework/src/Illuminate/Container/Container.php(1431): Illuminate\\Foundation\\Application->make('blade.compiler')
#7 /Users/awadabayzeed/Downloads/abad/vendor/laravel/framework/src/Illuminate/Support/Facades/Facade.php(222): Illuminate\\Container\\Container->offsetGet('blade.compiler')
#8 /Users/awadabayzeed/Downloads/abad/vendor/laravel/framework/src/Illuminate/Support/Facades/Facade.php(193): Illuminate\\Support\\Facades\\Facade::resolveFacadeInstance('blade.compiler')
#9 /Users/awadabayzeed/Downloads/abad/vendor/laravel/framework/src/Illuminate/Support/Facades/Facade.php(332): Illuminate\\Support\\Facades\\Facade::getFacadeRoot()
#10 /Users/awadabayzeed/Downloads/abad/vendor/php-flasher/flasher-laravel/FlasherServiceProvider.php(284): Illuminate\\Support\\Facades\\Facade::__callStatic('extend', Array)
#11 /Users/awadabayzeed/Downloads/abad/vendor/php-flasher/flasher-laravel/FlasherServiceProvider.php(59): Flasher\\Laravel\\FlasherServiceProvider->registerBladeDirective()
#12 /Users/awadabayzeed/Downloads/abad/vendor/php-flasher/flasher-laravel/Support/ServiceProvider.php(42): Flasher\\Laravel\\FlasherServiceProvider->afterBoot()
#13 /Users/awadabayzeed/Downloads/abad/vendor/laravel/framework/src/Illuminate/Container/BoundMethod.php(36): Flasher\\Laravel\\Support\\ServiceProvider->boot()
#14 /Users/awadabayzeed/Downloads/abad/vendor/laravel/framework/src/Illuminate/Container/Util.php(41): Illuminate\\Container\\BoundMethod::{closure:Illuminate\\Container\\BoundMethod::call():35}()
#15 /Users/awadabayzeed/Downloads/abad/vendor/laravel/framework/src/Illuminate/Container/BoundMethod.php(93): Illuminate\\Container\\Util::unwrapIfClosure(Object(Closure))
#16 /Users/awadabayzeed/Downloads/abad/vendor/laravel/framework/src/Illuminate/Container/BoundMethod.php(35): Illuminate\\Container\\BoundMethod::callBoundMethod(Object(Illuminate\\Foundation\\Application), Array, Object(Closure))
#17 /Users/awadabayzeed/Downloads/abad/vendor/laravel/framework/src/Illuminate/Container/Container.php(661): Illuminate\\Container\\BoundMethod::call(Object(Illuminate\\Foundation\\Application), Array, Array, NULL)
#18 /Users/awadabayzeed/Downloads/abad/vendor/laravel/framework/src/Illuminate/Foundation/Application.php(954): Illuminate\\Container\\Container->call(Array)
#19 /Users/awadabayzeed/Downloads/abad/vendor/laravel/framework/src/Illuminate/Foundation/Application.php(935): Illuminate\\Foundation\\Application->bootProvider(Object(Flasher\\Laravel\\FlasherServiceProvider))
#20 [internal function]: Illuminate\\Foundation\\Application->{closure:Illuminate\\Foundation\\Application::boot():934}(Object(Flasher\\Laravel\\FlasherServiceProvider), 24)
#21 /Users/awadabayzeed/Downloads/abad/vendor/laravel/framework/src/Illuminate/Foundation/Application.php(934): array_walk(Array, Object(Closure))
#22 /Users/awadabayzeed/Downloads/abad/vendor/laravel/framework/src/Illuminate/Foundation/Bootstrap/BootProviders.php(17): Illuminate\\Foundation\\Application->boot()
#23 /Users/awadabayzeed/Downloads/abad/vendor/laravel/framework/src/Illuminate/Foundation/Application.php(265): Illuminate\\Foundation\\Bootstrap\\BootProviders->bootstrap(Object(Illuminate\\Foundation\\Application))
#24 /Users/awadabayzeed/Downloads/abad/vendor/laravel/framework/src/Illuminate/Foundation/Console/Kernel.php(383): Illuminate\\Foundation\\Application->bootstrapWith(Array)
#25 /Users/awadabayzeed/Downloads/abad/vendor/laravel/framework/src/Illuminate/Foundation/Console/Kernel.php(153): Illuminate\\Foundation\\Console\\Kernel->bootstrap()
#26 /Users/awadabayzeed/Downloads/abad/artisan(35): Illuminate\\Foundation\\Console\\Kernel->handle(Object(Symfony\\Component\\Console\\Input\\ArgvInput), Object(Symfony\\Component\\Console\\Output\\ConsoleOutput))
#27 {main}
"} 
